21/10/2014 00:15:42 Wait 5s before start for SIMS to complete it's writing
21/10/2014 00:15:47 Starting Cover Processing
21/10/2014 00:15:47 Found 19 cover entries in \\cri-svr-004.crick.internal\Cover\CV211014.htm
21/10/2014 00:15:47 Found 10 cover entries in \\cri-svr-004.crick.internal\Cover\CV221014.htm
21/10/2014 00:15:47 Found 29 cover entries in total to process
21/10/2014 00:15:47 Processing \\cri-svr-004.crick.internal\Cover\CV211014.htm
21/10/2014 00:15:47 Processing entry 0 - Current File: \\cri-svr-004.crick.internal\Cover\CV211014.htm
21/10/2014 00:15:47 Found matched staff mapping katherinec@crickhowell-hs.powys.sch.uk
21/10/2014 00:15:48 Deleting any existing cover
21/10/2014 00:15:50 Error - The specified object was not found in the store.
21/10/2014 00:15:50 Processing entry 0 - Current File: \\cri-svr-004.crick.internal\Cover\CV211014.htm
21/10/2014 00:15:50 Found matched staff mapping katherinec@crickhowell-hs.powys.sch.uk
21/10/2014 00:15:50 Deleting any existing cover
21/10/2014 00:15:50 Creating cover Cover: 10D/As
21/10/2014 00:15:51 Processing entry 2 - Current File: \\cri-svr-004.crick.internal\Cover\CV211014.htm
21/10/2014 00:15:51 Found matched staff mapping colinr@crickhowell-hs.powys.sch.uk
21/10/2014 00:15:51 Deleting any existing cover
21/10/2014 00:15:53 Error - The specified object was not found in the store.
21/10/2014 00:15:53 Processing entry 8 - Current File: \\cri-svr-004.crick.internal\Cover\CV211014.htm
21/10/2014 00:15:53 Processing entry 9 - Current File: \\cri-svr-004.crick.internal\Cover\CV211014.htm
21/10/2014 00:15:53 Found matched staff mapping colinr@crickhowell-hs.powys.sch.uk
21/10/2014 00:15:54 Deleting any existing cover
21/10/2014 00:15:54 Creating cover Cover: 8C/Sc
21/10/2014 00:15:55 Processing entry 12 - Current File: \\cri-svr-004.crick.internal\Cover\CV211014.htm
21/10/2014 00:15:55 Found matched staff mapping bethanh@crickhowell-hs.powys.sch.uk
21/10/2014 00:15:56 Deleting any existing cover
21/10/2014 00:15:56 Error - The specified object was not found in the store.
21/10/2014 00:15:56 Processing entry 14 - Current File: \\cri-svr-004.crick.i21/10/2014 00:15:57 Processing entry 15 - Current File: \\cri-svr-004.crick.internal\Cover\CV211014.htm
21/10/221/10/2014 00:15:57 Deleting any existing cover
21/10/2014 00:15:58 Error - The operation can't 21/10/2014 00:15:59 Creating cover Cover: 7/ADT1
21/10/2014 00:16:00 Processing entry 31 - Current File: \\cri-svr-004.crick.internal\Cover\CV211014.htm
21/10/2014 00:16:00 Processing entry 32 - Current File: \\cri-svr-004.crick.internal\Cover\CV211014.htm
21/10/2014 00:16:00 Found matched staff mapping colinr@crickhowell-hs.powys.sch.uk
21/10/2014 00:16:00 Creating cover Cover: 10B/We2
21/10/2014 00:16:00 Processing entry 34 - Current File: \\cri-svr-004.crick.internal\Cover\CV211014.htm
21/10/2014 00:16:00 Found matched staff mapping katherinec@crickhowell-hs.powys.sch.uk
21/10/2014 00:16:00 Creating cover Cover: Duty
21/10/2014 00:16:00 Processing entry 35 - Current File: \\cri-svr-004.crick.internal\Cover\CV211014.htm
2121/10/2014 00:16:01 Creating cover Cover: Duty
21/10/2014 00:16:01 Processing entry 47 - Current File: \\cri-svr-004.crick.internal\Cover\CV211014.htm
21/10/2014 00:16:01 Processing entry 48 - Current File: \\cri-svr-004.crick.internal\Cover\CV211014.htm
21/10/2014 00:16:01 Found matched staff mapping bethanh@crickhowell-hs.powys.sch.uk
21/121/10/2014 00:16:01 Creating cover Cover: 7D/21/121/10/2014 00:16:02 Processing entry 53 - Current File: \\cri-svr-004.crick.internal\Cover\CV211014.htm
21/10/2014 00:16:02 Found matched staff mapping katherinec@crickhowell-hs.powys.sch.uk
21/10/2014 00:16:02 Creating cover Cover: 9M/Ma21/121/10/2014 00:16:03 Processing entry 67 - Current File: \\cri-svr-004.crick.internal\Cover\CV211014.htm
21/10/2014 00:16:03 Processing entry 68 - Current File: \\cri-svr-004.crick.internal\Cover\CV211014.htm
21/10/2014 00:16:03 Processing entry 69 - Current File: \\cri-svr-004.crick.internal\Cover\CV211014.htm
21/10/2014 00:16:03 Found matched staff mapping kyliem@crickhowell-hs.powys.sch.uk
21/10/2014 00:16:03 Deleting any existing cov21/10/2014 00:16:06 Creating cover Cover: 10C/Dt1
21/10/2014 00:16:06 Processing entry 84 - Current File: \\cri-svr-004.crick.internal\Cover\CV211014.htm
21/10/2014 00:16:06 Processing entry 85 - Current File: \\cri-svr-004.crick.internal\Cover\CV211014.htm
21/10/2014 00:16:06 Found matched staff mapping colinr@crickhowell-hs.powys.sch.uk
21/10/2014 00:16:06 Creating cover Cover: 8M/Ma2a
21/10/2014 00:16:07 Processing entry 88 - Current File: \\cri-svr-004.crick.internal\Cover\CV211014.htm
21/10/2014 00:16:07 Found matched staff mapping kyliem@crickhowell-hs.powys.sch.uk
21/10/2014 00:16:07 Creating cover Cover: 10C/Dt1
21/10/2014 00:16:09 Processing \\cri-svr-004.crick.internal\Cover\CV221014.htm
21/10/2014 00:16:09 Processing entry 92 - Current File: \\cri-svr-004.crick.internal\Cover\CV221014.htm
21/10/2014 00:16:09 Found matched staff mapping colinr@crickhowell-hs.powys.sch.uk
21/10/2014 00:16:09 Deleting any existing cover
21/10/2014 00:16:10 Error - The operation can't be performed because the item is out of date. Reload the item and try again.
21/10/2014 00:16:10 Processing entry 97 - Current File: \\cri-svr-004.crick.internal\Cover\CV221014.htm
21/10/2014 00:16:10 Processing entry 98 - Current File: \\cri-svr-004.crick.internal\Cover\CV221014.htm
21/10/2014 00:16:10 Found matched staff mapping kyliem@crickhowell-hs.powys.sch.uk
21/10/2014 00:16:10 Deleting any existing cover
21/10/2014 00:16:11 Error - Th21/10/2014 00:16:12 Error - The s21/10/2014 00:16:12 Processing entry 103 - 21/10/2014 00:16:12 Processing entry 107 - Current File: \\cri-svr-004.crick.internal\Cover\CV221014.htm
21/10/2014 00:16:12 Found matched staff mapping kyliem@crickhowell-hs.powys.sch.uk
21/10/2014 00:16:12 Creating cover Cover: 13C/Dt1
21/10/2014 00:16:14 Processing entry 110 - Current File: \\cr21/10/2021/10/2014 00:16:14 Processing entry 111 - Current File: \\cri-svr-004.crick.internal\Cover\CV221014.htm
21/10/2014 00:16:14 Found matched staff mapping bethanh@crickhowell-hs.powys.sch.uk
21/10/2014 00:16:15 Deleting any21/10/2014 00:16:21/10/2014 00:16:16 Error - The operation can't be performed because the item is out of date. Reload the item and try again.
21/10/2014 00:16:16 Processing entry 115 - Current File: \\cri-svr-004.crick.internal\Cover\CV22121/10/2014 00:16:16 Processing entry 118 - Current File: \\cri-svr-004.crick.internal\Cover\CV221014.htm
21/10/2014 00:16:16 Found matched sta21/10/2014 00:16:16 Processing entry 119 - Current File: \\cri-svr-004.crick.internal\Cover\CV2221/10/2014 00:16:18 Creating cover Cover: 8M/Ma2a
21/10/2014 00:16:19 Processing entry 120 - Current File: \\cri-svr-004.crick.internal\Cover\CV221014.htm
21/10/2014 00:16:19 Found matched staff mapping kyliem@crickhowell-hs.powys.sch.uk
21/10/2014 00:16:19 Creating cover Cover: 10A/Eg1
crick.internal\Cover\CV221014.htm
21/10/2014 00:16:17 Found matched staff mapping kyliem@crickhowell-hs.powys.sch.uk
21/10/2014 00:16:17 Creating cover Cover: 10A/Eg1
g cover Cover: 7M/Ma5
21/10/2014 00:16:16 Processing entry 117 - Current File: \\cri-svr-004.crick.internal\Cover\CV221014.htm
21/10/2014 00:16:16 Found matched staff mapping kyliem@crickhowell-hs.powys.sch.uk
21/10/2014 00:16:16 Creating cover Cover: 10A/Eg1
